<?xml version="1.0" encoding="UTF-8"?>
<testsuites>
    <testsuite name="force.apex" timestamp="2025-10-16T16:13:27.000Z" hostname="https://perfectvisionpoe--onboardv2.sandbox.my.salesforce.com" tests="52" failures="10"  errors="0"  time="75.85">
        <properties>
            <property name="outcome" value="Failed"/>
            <property name="testsRan" value="52"/>
            <property name="passing" value="42"/>
            <property name="failing" value="10"/>
            <property name="skipped" value="0"/>
            <property name="passRate" value="81%"/>
            <property name="failRate" value="19%"/>
            <property name="testStartTime" value="Thu Oct 16 2025 12:13:27 PM"/>
            <property name="testSetupTimeInMs" value="48"/>
            <property name="testExecutionTime" value="75.85 s"/>
            <property name="testTotalTime" value="75.90 s"/>
            <property name="commandTime" value="0.17 s"/>
            <property name="hostname" value="https://perfectvisionpoe--onboardv2.sandbox.my.salesforce.com"/>
            <property name="orgId" value="00DRL00000HQXWP2A5"/>
            <property name="username" value="jason.murray@perfect-vision.com.onboardv2"/>
            <property name="testRunId" value="707RL000010AtHo"/>
            <property name="userId" value="005Qq000000pBRFIA2"/>
        </properties>
        <testcase name="testCreateAndUpdateLog" classname="UtilitiesSyncLogHelperTest" time="0.12">
        </testcase>
        <testcase name="testMarkFailed" classname="UtilitiesSyncLogHelperTest" time="0.06">
        </testcase>
        <testcase name="testActivationDependencies" classname="VendorProgramRecipientGrpTriggerHdlrTest" time="0.23">
        </testcase>
        <testcase name="testNonDraftVersionMustHaveParent" classname="VendorProgramRecipientGrpTriggerHdlrTest" time="0.02">
            <failure message="System.QueryException: List has no rows for assignment to SObject"><![CDATA[Class.VendorProgramRecipientGrpTriggerHdlrTest.testNonDraftVersionMustHaveParent: line 124, column 1]]></failure>
        </testcase>
        <testcase name="testOneActiveVersionPerParent" classname="VendorProgramRecipientGrpTriggerHdlrTest" time="0.02">
            <failure message="System.QueryException: List has no rows for assignment to SObject"><![CDATA[Class.VendorProgramRecipientGrpTriggerHdlrTest.testOneActiveVersionPerParent: line 78, column 1]]></failure>
        </testcase>
        <testcase name="testValidRecordInsertsSuccessfully" classname="VendorProgramRecipientGrpTriggerHdlrTest" time="0.02">
            <failure message="System.QueryException: List has no rows for assignment to SObject"><![CDATA[Class.VendorProgramRecipientGrpTriggerHdlrTest.testValidRecordInsertsSuccessfully: line 45, column 1]]></failure>
        </testcase>
        <testcase name="testAlreadyActive" classname="VendorProgramActivationServiceTest" time="0.20">
            <failure message="System.DmlException: Insert failed. First exception on row 0; first error: CANNOT_INSERT_UPDATE_ACTIVATE_ENTITY, VersioningTrigger: execution of BeforeInsert

caused by: System.QueryException: Variable does not exist: record.Id

Class.VersioningTriggerHandler.enforceVersionLinkage: line 73, column 1
Class.VersioningTriggerHandler.run: line 10, column 1
Trigger.VersioningTrigger: line 2, column 1: []"><![CDATA[Class.VendorProgramActivationServiceTest.testAlreadyActive: line 44, column 1]]></failure>
        </testcase>
        <testcase name="testFlowAction" classname="VendorProgramActivationServiceTest" time="0.14">
            <failure message="System.DmlException: Update failed. First exception on row 0 with id aDFRL000000l2nx4AA; first error: CANNOT_INSERT_UPDATE_ACTIVATE_ENTITY, VersioningTrigger: execution of BeforeUpdate

caused by: System.QueryException: Variable does not exist: record.Id

Class.VersioningTriggerHandler.enforceVersionLinkage: line 73, column 1
Class.VersioningTriggerHandler.run: line 10, column 1
Trigger.VersioningTrigger: line 2, column 1: []"><![CDATA[Class.VendorProgramActivationService.activate: line 20, column 1
Class.OnboardingAppActivationOrchestrator.activate: line 12, column 1
Class.OnboardingAppActivationAction.activate: line 9, column 1
Class.VendorProgramActivationServiceTest.testFlowAction: line 22, column 1]]></failure>
        </testcase>
        <testcase name="testNullIdThrows" classname="VendorProgramActivationServiceTest" time="0.01">
            <failure message="System.AssertException: Assertion Failed"><![CDATA[Class.VendorProgramActivationServiceTest.testNullIdThrows: line 122, column 1]]></failure>
        </testcase>
        <testcase name="testSiblingDeactivation" classname="VendorProgramActivationServiceTest" time="0.05">
            <failure message="System.DmlException: Insert failed. First exception on row 0; first error: CANNOT_INSERT_UPDATE_ACTIVATE_ENTITY, VersioningTrigger: execution of BeforeInsert

caused by: System.QueryException: Variable does not exist: record.Id

Class.VersioningTriggerHandler.enforceVersionLinkage: line 73, column 1
Class.VersioningTriggerHandler.run: line 10, column 1
Trigger.VersioningTrigger: line 2, column 1: []"><![CDATA[Class.VendorProgramActivationServiceTest.testSiblingDeactivation: line 69, column 1]]></failure>
        </testcase>
        <testcase name="testRunFullSync_createsAndUpdates" classname="OrgWideEmailSyncServiceTest" time="0.18">
        </testcase>
        <testcase name="testRunFullSync_failure" classname="OrgWideEmailSyncOrchestratorTest" time="0.15">
        </testcase>
        <testcase name="testRunFullSync_success" classname="OrgWideEmailSyncOrchestratorTest" time="0.11">
        </testcase>
        <testcase name="testNonDraftMustHaveParent" classname="VendorProgramTriggerHandlerTest" time="0.06">
            <failure message="System.AssertException: Assertion Failed: Expected parent version required error."><![CDATA[Class.VendorProgramTriggerHandlerTest.testNonDraftMustHaveParent: line 93, column 1]]></failure>
        </testcase>
        <testcase name="testOnlyOneActivePerParent" classname="VendorProgramTriggerHandlerTest" time="0.11">
        </testcase>
        <testcase name="testValidInsert" classname="VendorProgramTriggerHandlerTest" time="0.06">
        </testcase>
        <testcase name="testAgreementStatusTrigger" classname="OnboardingStatusTrackerHandlerTest" time="13.01">
        </testcase>
        <testcase name="testBackgroundCheckStatusTrigger" classname="OnboardingStatusTrackerHandlerTest" time="5.89">
        </testcase>
        <testcase name="testChuzoAgreementStatusTrigger" classname="OnboardingStatusTrackerHandlerTest" time="2.56">
        </testcase>
        <testcase name="testClearingHouseTrigger" classname="OnboardingStatusTrackerHandlerTest" time="2.39">
        </testcase>
        <testcase name="testComplianceStatusTrigger" classname="OnboardingStatusTrackerHandlerTest" time="2.40">
        </testcase>
        <testcase name="testCreditCheckStatusTrigger" classname="OnboardingStatusTrackerHandlerTest" time="3.18">
        </testcase>
        <testcase name="testDriversLicenseStatusTrigger" classname="OnboardingStatusTrackerHandlerTest" time="3.15">
        </testcase>
        <testcase name="testERPSetupStatusTrigger" classname="OnboardingStatusTrackerHandlerTest" time="2.42">
        </testcase>
        <testcase name="testInsuranceStatusTrigger" classname="OnboardingStatusTrackerHandlerTest" time="2.93">
        </testcase>
        <testcase name="testLaborFormStatusTrigger" classname="OnboardingStatusTrackerHandlerTest" time="3.17">
        </testcase>
        <testcase name="testLearnUponContactEnrollmentStatusTrigger" classname="OnboardingStatusTrackerHandlerTest" time="4.49">
        </testcase>
        <testcase name="testNetTermsStatusTrigger" classname="OnboardingStatusTrackerHandlerTest" time="2.36">
        </testcase>
        <testcase name="testOnboardingStatusTrigger" classname="OnboardingStatusTrackerHandlerTest" time="2.78">
        </testcase>
        <testcase name="testPersonalGuaranteeStatusTrigger" classname="OnboardingStatusTrackerHandlerTest" time="3.06">
        </testcase>
        <testcase name="testVendorOrderEntryPlatformStatusTrigger" classname="OnboardingStatusTrackerHandlerTest" time="2.97">
        </testcase>
        <testcase name="testSyncAllTemplates_handlesEmpty" classname="EmailTemplateSyncServiceTest" time="0.12">
        </testcase>
        <testcase name="testSyncAllTemplates_success" classname="EmailTemplateSyncServiceTest" time="0.04">
        </testcase>
        <testcase name="testRunManualSync" classname="ManualEmailSyncActionTest" time="8.65">
        </testcase>
        <testcase name="testGenerateDeveloperName" classname="OrgWideEmailDTOTest" time="0.06">
        </testcase>
        <testcase name="testHasChanges" classname="OrgWideEmailDTOTest" time="0.00">
        </testcase>
        <testcase name="testGetAll_withMock" classname="OrgWideEmailRepositoryTest" time="0.02">
        </testcase>
        <testcase name="testUpsertEmails_insertAndUpdate" classname="OrgWideEmailRepositoryTest" time="0.12">
        </testcase>
        <testcase name="testBuildCMDT" classname="OrgWideEmailCMDTRepositoryTest" time="0.02">
            <failure message="System.StringException: Invalid id: 0D2ZZZZZZZZZZZZ"><![CDATA[Class.OrgWideEmailCMDTRepositoryTest.testBuildCMDT: line 36, column 1]]></failure>
        </testcase>
        <testcase name="testSetMockCatalogs_andGetAll" classname="OrgWideEmailCMDTRepositoryTest" time="0.01">
        </testcase>
        <testcase name="testUpsertCMDTs_inTestContext_skipsDeployment" classname="OrgWideEmailCMDTRepositoryTest" time="0.00">
            <failure message="System.StringException: Invalid id: 0D2YYYYYYYYYYYY"><![CDATA[Class.OrgWideEmailCMDTRepositoryTest.testUpsertCMDTs_inTestContext_skipsDeployment: line 66, column 1]]></failure>
        </testcase>
        <testcase name="testScheduledExecution" classname="OrgWideEmailSyncControllerTest" time="0.23">
        </testcase>
        <testcase name="testScheduledExecution" classname="EmailTemplateSyncControllerTest" time="8.72">
        </testcase>
        <testcase name="testRunFullSync_failure" classname="EmailTemplateSyncOrchestratorTest" time="0.11">
        </testcase>
        <testcase name="testRunFullSync_success" classname="EmailTemplateSyncOrchestratorTest" time="0.09">
        </testcase>
        <testcase name="testGetAllActiveTemplates_empty" classname="EmailTemplateRepositoryTest" time="0.04">
        </testcase>
        <testcase name="testGetAllActiveTemplates_withData" classname="EmailTemplateRepositoryTest" time="0.01">
        </testcase>
        <testcase name="testUpsertTemplates" classname="CommunicationTemplateRepositoryTest" time="0.20">
        </testcase>
        <testcase name="testBuildAndDeployCMDT" classname="EmailCatalogCMDTRepositoryTest" time="0.03">
        </testcase>
        <testcase name="testUpsertCMDTs" classname="EmailCatalogCMDTRepositoryTest" time="0.03">
        </testcase>
    </testsuite>
</testsuites>
