<?xml version="1.0" encoding="UTF-8"?>
<testsuites>
    <testsuite name="force.apex" timestamp="2025-10-20T19:31:31.000Z" hostname="https://perfectvisionpoe--onboardv2.sandbox.my.salesforce.com" tests="66" failures="0"  errors="0"  time="143.99">
        <properties>
            <property name="outcome" value="Successful"/>
            <property name="testsRan" value="66"/>
            <property name="passing" value="66"/>
            <property name="failing" value="0"/>
            <property name="skipped" value="0"/>
            <property name="passRate" value="100%"/>
            <property name="failRate" value="0%"/>
            <property name="testStartTime" value="Mon Oct 20 2025 3:31:31 PM"/>
            <property name="testSetupTimeInMs" value="364"/>
            <property name="testExecutionTime" value="143.99 s"/>
            <property name="testTotalTime" value="144.35 s"/>
            <property name="commandTime" value="0.32 s"/>
            <property name="hostname" value="https://perfectvisionpoe--onboardv2.sandbox.my.salesforce.com"/>
            <property name="orgId" value="00DRL00000HQXWP2A5"/>
            <property name="username" value="jason.murray@perfect-vision.com.onboardv2"/>
            <property name="testRunId" value="707RL000010Vkip"/>
            <property name="userId" value="005Qq000000pBRFIA2"/>
        </properties>
        <testcase name="testOrchestrateBulk" classname="EmailCommOrchestratorTest" time="9.97">
        </testcase>
        <testcase name="testOrchestrateSendAndLog_asyncLogging" classname="EmailCommOrchestratorTest" time="3.23">
        </testcase>
        <testcase name="testOrchestrateSendAndLog_syncLogging" classname="EmailCommOrchestratorTest" time="2.88">
        </testcase>
        <testcase name="testCreateAndUpdateLog" classname="UtilitiesSyncLogHelperTest" time="0.10">
        </testcase>
        <testcase name="testMarkFailed" classname="UtilitiesSyncLogHelperTest" time="0.04">
        </testcase>
        <testcase name="testActivationDependencies" classname="VendorProgramRecipientGrpTriggerHdlrTest" time="0.35">
        </testcase>
        <testcase name="testNonDraftVersionMustHaveParent" classname="VendorProgramRecipientGrpTriggerHdlrTest" time="0.15">
        </testcase>
        <testcase name="testOneActiveVersionPerParent" classname="VendorProgramRecipientGrpTriggerHdlrTest" time="0.20">
        </testcase>
        <testcase name="testValidRecordInsertsSuccessfully" classname="VendorProgramRecipientGrpTriggerHdlrTest" time="0.17">
        </testcase>
        <testcase name="testAlreadyActive" classname="VendorProgramActivationServiceTest" time="0.48">
        </testcase>
        <testcase name="testFlowAction" classname="VendorProgramActivationServiceTest" time="0.10">
        </testcase>
        <testcase name="testMultipleActiveChildrenInSameLineage_shouldFail" classname="VendorProgramActivationServiceTest" time="0.05">
        </testcase>
        <testcase name="testNonDraftWithNoParentOrChildren_shouldStayNull" classname="VendorProgramActivationServiceTest" time="0.04">
        </testcase>
        <testcase name="testNullIdThrows" classname="VendorProgramActivationServiceTest" time="0.00">
        </testcase>
        <testcase name="testRootActiveVersionWithoutChildren_isAllowed" classname="VendorProgramActivationServiceTest" time="0.04">
        </testcase>
        <testcase name="testSiblingDeactivation" classname="VendorProgramActivationServiceTest" time="0.17">
        </testcase>
        <testcase name="testNonDraftMustHaveParent" classname="VendorProgramTriggerHandlerTest" time="0.08">
        </testcase>
        <testcase name="testOnlyOneActivePerParent" classname="VendorProgramTriggerHandlerTest" time="0.07">
        </testcase>
        <testcase name="testValidInsert" classname="VendorProgramTriggerHandlerTest" time="0.05">
        </testcase>
        <testcase name="testAutoCorrectsActiveDrafts" classname="VersioningTriggerHandlerTest" time="0.13">
        </testcase>
        <testcase name="testRootActiveVersionWithoutParent_isAllowed" classname="VersioningTriggerHandlerTest" time="0.06">
        </testcase>
        <testcase name="testSingleActivePerParentEnforced" classname="VersioningTriggerHandlerTest" time="0.07">
        </testcase>
        <testcase name="testAgreementStatusTrigger" classname="OnboardingStatusTrackerHandlerTest" time="14.93">
        </testcase>
        <testcase name="testBackgroundCheckStatusTrigger" classname="OnboardingStatusTrackerHandlerTest" time="3.58">
        </testcase>
        <testcase name="testChuzoAgreementStatusTrigger" classname="OnboardingStatusTrackerHandlerTest" time="2.50">
        </testcase>
        <testcase name="testClearingHouseTrigger" classname="OnboardingStatusTrackerHandlerTest" time="2.14">
        </testcase>
        <testcase name="testComplianceStatusTrigger" classname="OnboardingStatusTrackerHandlerTest" time="2.19">
        </testcase>
        <testcase name="testCreditCheckStatusTrigger" classname="OnboardingStatusTrackerHandlerTest" time="3.00">
        </testcase>
        <testcase name="testDriversLicenseStatusTrigger" classname="OnboardingStatusTrackerHandlerTest" time="3.16">
        </testcase>
        <testcase name="testERPSetupStatusTrigger" classname="OnboardingStatusTrackerHandlerTest" time="2.21">
        </testcase>
        <testcase name="testInsuranceStatusTrigger" classname="OnboardingStatusTrackerHandlerTest" time="2.69">
        </testcase>
        <testcase name="testLaborFormStatusTrigger" classname="OnboardingStatusTrackerHandlerTest" time="2.98">
        </testcase>
        <testcase name="testLearnUponContactEnrollmentStatusTrigger" classname="OnboardingStatusTrackerHandlerTest" time="4.18">
        </testcase>
        <testcase name="testNetTermsStatusTrigger" classname="OnboardingStatusTrackerHandlerTest" time="2.06">
        </testcase>
        <testcase name="testOnboardingStatusTrigger" classname="OnboardingStatusTrackerHandlerTest" time="2.74">
        </testcase>
        <testcase name="testPersonalGuaranteeStatusTrigger" classname="OnboardingStatusTrackerHandlerTest" time="2.60">
        </testcase>
        <testcase name="testVendorOrderEntryPlatformStatusTrigger" classname="OnboardingStatusTrackerHandlerTest" time="2.26">
        </testcase>
        <testcase name="testRunFullSync_createsAndUpdates" classname="OrgWideEmailSyncServiceTest" time="0.10">
        </testcase>
        <testcase name="testGenerateDeveloperName" classname="OrgWideEmailDTOTest" time="0.06">
        </testcase>
        <testcase name="testHasChanges" classname="OrgWideEmailDTOTest" time="0.01">
        </testcase>
        <testcase name="testGetAll_withMock" classname="OrgWideEmailRepositoryTest" time="0.03">
        </testcase>
        <testcase name="testUpsertEmails_insertAndUpdate" classname="OrgWideEmailRepositoryTest" time="0.19">
        </testcase>
        <testcase name="testBuildCMDT" classname="OrgWideEmailCMDTRepositoryTest" time="0.04">
        </testcase>
        <testcase name="testSetMockCatalogs_andGetAll" classname="OrgWideEmailCMDTRepositoryTest" time="0.19">
        </testcase>
        <testcase name="testUpsertCMDTs_inTestContext_skipsDeployment" classname="OrgWideEmailCMDTRepositoryTest" time="0.01">
        </testcase>
        <testcase name="testScheduledExecution" classname="OrgWideEmailSyncControllerTest" time="0.26">
        </testcase>
        <testcase name="testRunFullSync_failure" classname="OrgWideEmailSyncOrchestratorTest" time="0.12">
        </testcase>
        <testcase name="testRunFullSync_success" classname="OrgWideEmailSyncOrchestratorTest" time="0.09">
        </testcase>
        <testcase name="testRunFullSync_failure" classname="EmailTemplateSyncOrchestratorTest" time="0.18">
        </testcase>
        <testcase name="testRunFullSync_success" classname="EmailTemplateSyncOrchestratorTest" time="0.10">
        </testcase>
        <testcase name="testSyncAllTemplates_handlesEmpty" classname="EmailTemplateSyncServiceTest" time="0.04">
        </testcase>
        <testcase name="testSyncAllTemplates_success" classname="EmailTemplateSyncServiceTest" time="0.05">
        </testcase>
        <testcase name="testRunManualSync" classname="ManualEmailSyncActionTest" time="7.13">
        </testcase>
        <testcase name="testGetAllActiveTemplates_empty" classname="EmailTemplateRepositoryTest" time="0.04">
        </testcase>
        <testcase name="testGetAllActiveTemplates_withData" classname="EmailTemplateRepositoryTest" time="0.01">
        </testcase>
        <testcase name="testUpsertTemplates" classname="CommunicationTemplateRepositoryTest" time="0.15">
        </testcase>
        <testcase name="testBuildAndDeployCMDT" classname="EmailCatalogCMDTRepositoryTest" time="0.04">
        </testcase>
        <testcase name="testUpsertCMDTs" classname="EmailCatalogCMDTRepositoryTest" time="0.05">
        </testcase>
        <testcase name="testExecuteSinglePayload" classname="EmailCommBatchSendActionTest" time="13.48">
        </testcase>
        <testcase name="testQueueableCreatesLog" classname="EmailCommLoggerQueueableTest" time="12.28">
        </testcase>
        <testcase name="testIsDuplicateIgnoresOldLogs" classname="EmailCommDedupeUtilTest" time="12.29">
        </testcase>
        <testcase name="testIsDuplicateReturnsFalseWhenNoMatch" classname="EmailCommDedupeUtilTest" time="2.82">
        </testcase>
        <testcase name="testIsDuplicateReturnsTrueWhenMatchExists" classname="EmailCommDedupeUtilTest" time="3.24">
        </testcase>
        <testcase name="testBulkRequests" classname="EmailCommSendActionTest" time="17.43">
        </testcase>
        <testcase name="testSingleRequestSuccess" classname="EmailCommSendActionTest" time="2.32">
        </testcase>
    </testsuite>
</testsuites>
