<?xml version="1.0" encoding="UTF-8"?>
<testsuites>
    <testsuite name="force.apex" timestamp="2025-10-17T19:07:56.000Z" hostname="https://perfectvisionpoe--onboardv2.sandbox.my.salesforce.com" tests="60" failures="9"  errors="0"  time="80.84">
        <properties>
            <property name="outcome" value="Failed"/>
            <property name="testsRan" value="60"/>
            <property name="passing" value="51"/>
            <property name="failing" value="9"/>
            <property name="skipped" value="0"/>
            <property name="passRate" value="85%"/>
            <property name="failRate" value="15%"/>
            <property name="testStartTime" value="Fri Oct 17 2025 3:07:56 PM"/>
            <property name="testSetupTimeInMs" value="89"/>
            <property name="testExecutionTime" value="80.84 s"/>
            <property name="testTotalTime" value="80.93 s"/>
            <property name="commandTime" value="0.21 s"/>
            <property name="hostname" value="https://perfectvisionpoe--onboardv2.sandbox.my.salesforce.com"/>
            <property name="orgId" value="00DRL00000HQXWP2A5"/>
            <property name="username" value="jason.murray@perfect-vision.com.onboardv2"/>
            <property name="testRunId" value="707RL000010HarS"/>
            <property name="userId" value="005Qq000000pBRFIA2"/>
            <property name="coveredLines" value="703"/>
            <property name="testRunCoverage" value="78%"/>
            <property name="orgWideCoverage" value="7%"/>
        </properties>
        <testcase name="testAutoCorrectsActiveDrafts" classname="VersioningTriggerHandlerTest" time="0.23">
        </testcase>
        <testcase name="testRootActiveVersionWithoutParent_isAllowed" classname="VersioningTriggerHandlerTest" time="0.07">
        </testcase>
        <testcase name="testSingleActivePerParentEnforced" classname="VersioningTriggerHandlerTest" time="0.08">
        </testcase>
        <testcase name="testAlreadyActive" classname="VendorProgramActivationServiceTest" time="0.15">
        </testcase>
        <testcase name="testFlowAction" classname="VendorProgramActivationServiceTest" time="0.11">
        </testcase>
        <testcase name="testMultipleActiveChildrenInSameLineage_shouldFail" classname="VendorProgramActivationServiceTest" time="0.12">
        </testcase>
        <testcase name="testNonDraftWithNoParentOrChildren_shouldStayNull" classname="VendorProgramActivationServiceTest" time="0.04">
        </testcase>
        <testcase name="testNullIdThrows" classname="VendorProgramActivationServiceTest" time="0.01">
        </testcase>
        <testcase name="testRootActiveVersionWithoutChildren_isAllowed" classname="VendorProgramActivationServiceTest" time="0.05">
        </testcase>
        <testcase name="testSiblingDeactivation" classname="VendorProgramActivationServiceTest" time="0.17">
        </testcase>
        <testcase name="testCreateAndUpdateLog" classname="UtilitiesSyncLogHelperTest" time="0.20">
        </testcase>
        <testcase name="testMarkFailed" classname="UtilitiesSyncLogHelperTest" time="0.09">
        </testcase>
        <testcase name="testActivationDependencies" classname="VendorProgramRecipientGrpTriggerHdlrTest" time="0.37">
        </testcase>
        <testcase name="testNonDraftVersionMustHaveParent" classname="VendorProgramRecipientGrpTriggerHdlrTest" time="0.21">
        </testcase>
        <testcase name="testOneActiveVersionPerParent" classname="VendorProgramRecipientGrpTriggerHdlrTest" time="0.36">
        </testcase>
        <testcase name="testValidRecordInsertsSuccessfully" classname="VendorProgramRecipientGrpTriggerHdlrTest" time="0.22">
        </testcase>
        <testcase name="testRunFullSync_createsAndUpdates" classname="OrgWideEmailSyncServiceTest" time="0.17">
            <failure message="System.StringException: Invalid id: 0Af00000000000AA"><![CDATA[Class.OrgWideEmailCMDTRepository.deployMetadata: line 55, column 1
Class.OrgWideEmailCMDTRepository.upsertCMDTs: line 87, column 1
Class.OrgWideEmailSyncService.syncAll: line 35, column 1
Class.OrgWideEmailSyncServiceTest.testRunFullSync_createsAndUpdates: line 25, column 1]]></failure>
        </testcase>
        <testcase name="testScheduledExecution" classname="OrgWideEmailSyncControllerTest" time="0.22">
        </testcase>
        <testcase name="testRunFullSync_failure" classname="OrgWideEmailSyncOrchestratorTest" time="0.11">
        </testcase>
        <testcase name="testRunFullSync_success" classname="OrgWideEmailSyncOrchestratorTest" time="0.10">
            <failure message="System.AssertException: Assertion Failed: Log should indicate success: Expected: Success, Actual: Failed"><![CDATA[Class.OrgWideEmailSyncOrchestratorTest.testRunFullSync_success: line 24, column 1]]></failure>
        </testcase>
        <testcase name="testNonDraftMustHaveParent" classname="VendorProgramTriggerHandlerTest" time="0.09">
        </testcase>
        <testcase name="testOnlyOneActivePerParent" classname="VendorProgramTriggerHandlerTest" time="0.10">
        </testcase>
        <testcase name="testValidInsert" classname="VendorProgramTriggerHandlerTest" time="0.09">
        </testcase>
        <testcase name="testAgreementStatusTrigger" classname="OnboardingStatusTrackerHandlerTest" time="8.21">
        </testcase>
        <testcase name="testBackgroundCheckStatusTrigger" classname="OnboardingStatusTrackerHandlerTest" time="3.15">
        </testcase>
        <testcase name="testChuzoAgreementStatusTrigger" classname="OnboardingStatusTrackerHandlerTest" time="2.11">
        </testcase>
        <testcase name="testClearingHouseTrigger" classname="OnboardingStatusTrackerHandlerTest" time="2.14">
        </testcase>
        <testcase name="testComplianceStatusTrigger" classname="OnboardingStatusTrackerHandlerTest" time="2.57">
        </testcase>
        <testcase name="testCreditCheckStatusTrigger" classname="OnboardingStatusTrackerHandlerTest" time="2.72">
        </testcase>
        <testcase name="testDriversLicenseStatusTrigger" classname="OnboardingStatusTrackerHandlerTest" time="2.58">
        </testcase>
        <testcase name="testERPSetupStatusTrigger" classname="OnboardingStatusTrackerHandlerTest" time="2.01">
        </testcase>
        <testcase name="testInsuranceStatusTrigger" classname="OnboardingStatusTrackerHandlerTest" time="2.47">
        </testcase>
        <testcase name="testLaborFormStatusTrigger" classname="OnboardingStatusTrackerHandlerTest" time="2.61">
        </testcase>
        <testcase name="testLearnUponContactEnrollmentStatusTrigger" classname="OnboardingStatusTrackerHandlerTest" time="3.77">
        </testcase>
        <testcase name="testNetTermsStatusTrigger" classname="OnboardingStatusTrackerHandlerTest" time="2.08">
        </testcase>
        <testcase name="testOnboardingStatusTrigger" classname="OnboardingStatusTrackerHandlerTest" time="2.35">
        </testcase>
        <testcase name="testPersonalGuaranteeStatusTrigger" classname="OnboardingStatusTrackerHandlerTest" time="2.38">
        </testcase>
        <testcase name="testVendorOrderEntryPlatformStatusTrigger" classname="OnboardingStatusTrackerHandlerTest" time="2.07">
        </testcase>
        <testcase name="testScheduledExecution" classname="EmailTemplateSyncControllerTest" time="7.01">
        </testcase>
        <testcase name="testRunFullSync_failure" classname="EmailTemplateSyncOrchestratorTest" time="0.12">
        </testcase>
        <testcase name="testRunFullSync_success" classname="EmailTemplateSyncOrchestratorTest" time="0.12">
            <failure message="System.AssertException: Assertion Failed: Expected sync status to be Success: Expected: Success, Actual: Failed"><![CDATA[Class.EmailTemplateSyncOrchestratorTest.testRunFullSync_success: line 40, column 1]]></failure>
        </testcase>
        <testcase name="testSyncAllTemplates_handlesEmpty" classname="EmailTemplateSyncServiceTest" time="0.06">
        </testcase>
        <testcase name="testSyncAllTemplates_success" classname="EmailTemplateSyncServiceTest" time="0.03">
            <failure message="System.StringException: Invalid id: 0Af00000000000AA"><![CDATA[Class.EmailCatalogCMDTRepository.deployMetadata: line 55, column 1
Class.EmailTemplateSyncService.syncAllTemplates: line 71, column 1
Class.EmailTemplateSyncServiceTest.testSyncAllTemplates_success: line 33, column 1]]></failure>
        </testcase>
        <testcase name="testRunManualSync" classname="ManualEmailSyncActionTest" time="6.02">
        </testcase>
        <testcase name="testGetAllActiveTemplates_empty" classname="EmailTemplateRepositoryTest" time="0.01">
        </testcase>
        <testcase name="testGetAllActiveTemplates_withData" classname="EmailTemplateRepositoryTest" time="0.01">
        </testcase>
        <testcase name="testGetAll_withMock" classname="OrgWideEmailRepositoryTest" time="0.03">
        </testcase>
        <testcase name="testUpsertEmails_insertAndUpdate" classname="OrgWideEmailRepositoryTest" time="0.10">
        </testcase>
        <testcase name="testBuildCMDT" classname="OrgWideEmailCMDTRepositoryTest" time="0.04">
            <failure message="System.StringException: Invalid id: 0D200000000000AA"><![CDATA[Class.OrgWideEmailCMDTRepositoryTest.buildTestDTO: line 9, column 1
Class.OrgWideEmailCMDTRepositoryTest.testBuildCMDT: line 42, column 1]]></failure>
        </testcase>
        <testcase name="testSetMockCatalogs_andGetAll" classname="OrgWideEmailCMDTRepositoryTest" time="0.02">
        </testcase>
        <testcase name="testUpsertCMDTs_inTestContext_skipsDeployment" classname="OrgWideEmailCMDTRepositoryTest" time="0.01">
            <failure message="System.StringException: Invalid id: 0D200000000000AA"><![CDATA[Class.OrgWideEmailCMDTRepositoryTest.buildTestDTO: line 9, column 1
Class.OrgWideEmailCMDTRepositoryTest.testUpsertCMDTs_inTestContext_skipsDeployment: line 64, column 1]]></failure>
        </testcase>
        <testcase name="testUpsertTemplates" classname="CommunicationTemplateRepositoryTest" time="0.15">
        </testcase>
        <testcase name="testBuildAndDeployCMDT" classname="EmailCatalogCMDTRepositoryTest" time="0.05">
            <failure message="System.StringException: Invalid id: 0Af00000000000AA"><![CDATA[Class.EmailCatalogCMDTRepository.deployMetadata: line 55, column 1
Class.EmailCatalogCMDTRepositoryTest.testBuildAndDeployCMDT: line 24, column 1]]></failure>
        </testcase>
        <testcase name="testUpsertCMDTs" classname="EmailCatalogCMDTRepositoryTest" time="0.04">
            <failure message="System.StringException: Invalid id: 0Af00000000000AA"><![CDATA[Class.EmailCatalogCMDTRepository.upsertCMDTs: line 93, column 1
Class.EmailCatalogCMDTRepositoryTest.testUpsertCMDTs: line 46, column 1]]></failure>
        </testcase>
        <testcase name="testExecuteSinglePayload" classname="EmailCommBatchSendActionTest" time="5.19">
        </testcase>
        <testcase name="testQueueableCreatesLog" classname="EmailCommLoggerQueueableTest" time="6.25">
        </testcase>
        <testcase name="testIsDuplicateIgnoresOldLogs" classname="EmailCommDedupeUtilTest" time="4.51">
            <failure message="System.AssertException: Assertion Failed: Old logs should not count as duplicates: Expected: false, Actual: true"><![CDATA[Class.EmailCommDedupeUtilTest.testIsDuplicateIgnoresOldLogs: line 36, column 1]]></failure>
        </testcase>
        <testcase name="testIsDuplicateReturnsFalseWhenNoMatch" classname="EmailCommDedupeUtilTest" time="2.22">
        </testcase>
        <testcase name="testIsDuplicateReturnsTrueWhenMatchExists" classname="EmailCommDedupeUtilTest" time="2.28">
        </testcase>
    </testsuite>
</testsuites>
