<?xml version="1.0" encoding="UTF-8"?>
<testsuites>
    <testsuite name="force.apex" timestamp="2025-10-16T18:55:44.000Z" hostname="https://perfectvisionpoe--onboardv2.sandbox.my.salesforce.com" tests="48" failures="8"  errors="0"  time="72.48">
        <properties>
            <property name="outcome" value="Failed"/>
            <property name="testsRan" value="48"/>
            <property name="passing" value="40"/>
            <property name="failing" value="8"/>
            <property name="skipped" value="0"/>
            <property name="passRate" value="83%"/>
            <property name="failRate" value="17%"/>
            <property name="testStartTime" value="Thu Oct 16 2025 2:55:44 PM"/>
            <property name="testSetupTimeInMs" value="0"/>
            <property name="testExecutionTime" value="72.48 s"/>
            <property name="testTotalTime" value="72.48 s"/>
            <property name="commandTime" value="0.16 s"/>
            <property name="hostname" value="https://perfectvisionpoe--onboardv2.sandbox.my.salesforce.com"/>
            <property name="orgId" value="00DRL00000HQXWP2A5"/>
            <property name="username" value="jason.murray@perfect-vision.com.onboardv2"/>
            <property name="testRunId" value="707RL000010B6HM"/>
            <property name="userId" value="005Qq000000pBRFIA2"/>
        </properties>
        <testcase name="testCreateAndUpdateLog" classname="UtilitiesSyncLogHelperTest" time="0.11">
        </testcase>
        <testcase name="testMarkFailed" classname="UtilitiesSyncLogHelperTest" time="0.05">
        </testcase>
        <testcase name="testActivationDependencies" classname="VendorProgramRecipientGrpTriggerHdlrTest" time="0.40">
        </testcase>
        <testcase name="testNonDraftVersionMustHaveParent" classname="VendorProgramRecipientGrpTriggerHdlrTest" time="0.13">
        </testcase>
        <testcase name="testOneActiveVersionPerParent" classname="VendorProgramRecipientGrpTriggerHdlrTest" time="0.21">
        </testcase>
        <testcase name="testValidRecordInsertsSuccessfully" classname="VendorProgramRecipientGrpTriggerHdlrTest" time="0.19">
        </testcase>
        <testcase name="testAlreadyActive" classname="VendorProgramActivationServiceTest" time="0.09">
            <failure message="System.DmlException: Insert failed. First exception on row 0; first error: FIELD_CUSTOM_VALIDATION_EXCEPTION, Non-draft versions must reference a parent version.: []"><![CDATA[Class.VendorProgramActivationServiceTest.testAlreadyActive: line 44, column 1]]></failure>
        </testcase>
        <testcase name="testFlowAction" classname="VendorProgramActivationServiceTest" time="0.09">
            <failure message="System.DmlException: Update failed. First exception on row 0 with id aDFRL000000l3th4AA; first error: CANNOT_INSERT_UPDATE_ACTIVATE_ENTITY, VersioningTrigger: execution of BeforeUpdate

caused by: System.QueryException: Variable does not exist: record.Id

Class.VersioningTriggerHandler.enforceVersionLinkage: line 74, column 1
Class.VersioningTriggerHandler.run: line 10, column 1
Trigger.VersioningTrigger: line 2, column 1: []"><![CDATA[Class.VendorProgramActivationService.activate: line 20, column 1
Class.OnboardingAppActivationOrchestrator.activate: line 12, column 1
Class.OnboardingAppActivationAction.activate: line 9, column 1
Class.VendorProgramActivationServiceTest.testFlowAction: line 22, column 1]]></failure>
        </testcase>
        <testcase name="testNullIdThrows" classname="VendorProgramActivationServiceTest" time="0.01">
            <failure message="System.AssertException: Assertion Failed"><![CDATA[Class.VendorProgramActivationServiceTest.testNullIdThrows: line 122, column 1]]></failure>
        </testcase>
        <testcase name="testSiblingDeactivation" classname="VendorProgramActivationServiceTest" time="0.03">
            <failure message="System.DmlException: Insert failed. First exception on row 0; first error: FIELD_CUSTOM_VALIDATION_EXCEPTION, Non-draft versions must reference a parent version.: []"><![CDATA[Class.VendorProgramActivationServiceTest.testSiblingDeactivation: line 69, column 1]]></failure>
        </testcase>
        <testcase name="&lt;compile&gt;" classname="OrgWideEmailSyncServiceTest" time="0.00">
            <failure message="line 55, column 25: Previous load of class failed: OrgWideEmailSyncServiceTest: line 55, column 25: Dependent class is invalid and needs recompilation:
 Class OrgWideEmailSyncService : Dependent class is invalid and needs recompilation:
 Class OrgWideEmailCMDTRepository : Variable does not exist: MockIdHelper"></failure>
        </testcase>
        <testcase name="&lt;compile&gt;" classname="OrgWideEmailSyncOrchestratorTest" time="0.00">
            <failure message="line 55, column 25: Previous load of class failed: OrgWideEmailSyncOrchestratorTest: line 55, column 25: Dependent class is invalid and needs recompilation:
 Class OrgWideEmailCMDTRepository : Variable does not exist: MockIdHelper"></failure>
        </testcase>
        <testcase name="testNonDraftMustHaveParent" classname="VendorProgramTriggerHandlerTest" time="0.04">
        </testcase>
        <testcase name="testOnlyOneActivePerParent" classname="VendorProgramTriggerHandlerTest" time="0.10">
        </testcase>
        <testcase name="testValidInsert" classname="VendorProgramTriggerHandlerTest" time="0.07">
        </testcase>
        <testcase name="testAgreementStatusTrigger" classname="OnboardingStatusTrackerHandlerTest" time="12.61">
        </testcase>
        <testcase name="testBackgroundCheckStatusTrigger" classname="OnboardingStatusTrackerHandlerTest" time="5.57">
        </testcase>
        <testcase name="testChuzoAgreementStatusTrigger" classname="OnboardingStatusTrackerHandlerTest" time="2.44">
        </testcase>
        <testcase name="testClearingHouseTrigger" classname="OnboardingStatusTrackerHandlerTest" time="2.40">
        </testcase>
        <testcase name="testComplianceStatusTrigger" classname="OnboardingStatusTrackerHandlerTest" time="2.49">
        </testcase>
        <testcase name="testCreditCheckStatusTrigger" classname="OnboardingStatusTrackerHandlerTest" time="3.16">
        </testcase>
        <testcase name="testDriversLicenseStatusTrigger" classname="OnboardingStatusTrackerHandlerTest" time="3.12">
        </testcase>
        <testcase name="testERPSetupStatusTrigger" classname="OnboardingStatusTrackerHandlerTest" time="2.26">
        </testcase>
        <testcase name="testInsuranceStatusTrigger" classname="OnboardingStatusTrackerHandlerTest" time="2.81">
        </testcase>
        <testcase name="testLaborFormStatusTrigger" classname="OnboardingStatusTrackerHandlerTest" time="3.07">
        </testcase>
        <testcase name="testLearnUponContactEnrollmentStatusTrigger" classname="OnboardingStatusTrackerHandlerTest" time="4.17">
        </testcase>
        <testcase name="testNetTermsStatusTrigger" classname="OnboardingStatusTrackerHandlerTest" time="2.23">
        </testcase>
        <testcase name="testOnboardingStatusTrigger" classname="OnboardingStatusTrackerHandlerTest" time="2.85">
        </testcase>
        <testcase name="testPersonalGuaranteeStatusTrigger" classname="OnboardingStatusTrackerHandlerTest" time="2.73">
        </testcase>
        <testcase name="testVendorOrderEntryPlatformStatusTrigger" classname="OnboardingStatusTrackerHandlerTest" time="2.30">
        </testcase>
        <testcase name="testSyncAllTemplates_handlesEmpty" classname="EmailTemplateSyncServiceTest" time="0.02">
        </testcase>
        <testcase name="testSyncAllTemplates_success" classname="EmailTemplateSyncServiceTest" time="0.05">
        </testcase>
        <testcase name="testRunManualSync" classname="ManualEmailSyncActionTest" time="7.58">
        </testcase>
        <testcase name="testGenerateDeveloperName" classname="OrgWideEmailDTOTest" time="0.03">
        </testcase>
        <testcase name="testHasChanges" classname="OrgWideEmailDTOTest" time="0.01">
        </testcase>
        <testcase name="testGetAll_withMock" classname="OrgWideEmailRepositoryTest" time="0.02">
        </testcase>
        <testcase name="testUpsertEmails_insertAndUpdate" classname="OrgWideEmailRepositoryTest" time="0.13">
        </testcase>
        <testcase name="&lt;compile&gt;" classname="OrgWideEmailCMDTRepositoryTest" time="0.00">
            <failure message="line 55, column 25: Previous load of class failed: OrgWideEmailCMDTRepositoryTest: line 55, column 25: Dependent class is invalid and needs recompilation:
 Class OrgWideEmailCMDTRepository : Variable does not exist: MockIdHelper"></failure>
        </testcase>
        <testcase name="&lt;compile&gt;" classname="OrgWideEmailSyncControllerTest" time="0.00">
            <failure message="line 55, column 25: Previous load of class failed: OrgWideEmailSyncControllerTest: line 55, column 25: Dependent class is invalid and needs recompilation:
 Class OrgWideEmailSyncService : Dependent class is invalid and needs recompilation:
 Class OrgWideEmailCMDTRepository : Variable does not exist: MockIdHelper"></failure>
        </testcase>
        <testcase name="testScheduledExecution" classname="EmailTemplateSyncControllerTest" time="9.12">
        </testcase>
        <testcase name="testRunFullSync_failure" classname="EmailTemplateSyncOrchestratorTest" time="0.09">
        </testcase>
        <testcase name="testRunFullSync_success" classname="EmailTemplateSyncOrchestratorTest" time="0.06">
        </testcase>
        <testcase name="testGetAllActiveTemplates_empty" classname="EmailTemplateRepositoryTest" time="0.04">
        </testcase>
        <testcase name="testGetAllActiveTemplates_withData" classname="EmailTemplateRepositoryTest" time="0.01">
        </testcase>
        <testcase name="testUpsertTemplates" classname="CommunicationTemplateRepositoryTest" time="0.14">
        </testcase>
        <testcase name="testBuildAndDeployCMDT" classname="EmailCatalogCMDTRepositoryTest" time="0.04">
        </testcase>
        <testcase name="testUpsertCMDTs" classname="EmailCatalogCMDTRepositoryTest" time="0.03">
        </testcase>
    </testsuite>
</testsuites>
