<?xml version="1.0" encoding="UTF-8"?>
<testsuites>
    <testsuite name="force.apex" timestamp="2025-10-17T21:36:19.000Z" hostname="https://perfectvisionpoe--onboardv2.sandbox.my.salesforce.com" tests="60" failures="0"  errors="0"  time="98.90">
        <properties>
            <property name="outcome" value="Successful"/>
            <property name="testsRan" value="60"/>
            <property name="passing" value="60"/>
            <property name="failing" value="0"/>
            <property name="skipped" value="0"/>
            <property name="passRate" value="100%"/>
            <property name="failRate" value="0%"/>
            <property name="testStartTime" value="Fri Oct 17 2025 5:36:19 PM"/>
            <property name="testSetupTimeInMs" value="95"/>
            <property name="testExecutionTime" value="98.90 s"/>
            <property name="testTotalTime" value="98.99 s"/>
            <property name="commandTime" value="0.18 s"/>
            <property name="hostname" value="https://perfectvisionpoe--onboardv2.sandbox.my.salesforce.com"/>
            <property name="orgId" value="00DRL00000HQXWP2A5"/>
            <property name="username" value="jason.murray@perfect-vision.com.onboardv2"/>
            <property name="testRunId" value="707RL000010HpdF"/>
            <property name="userId" value="005Qq000000pBRFIA2"/>
            <property name="coveredLines" value="705"/>
            <property name="testRunCoverage" value="78%"/>
            <property name="orgWideCoverage" value="7%"/>
        </properties>
        <testcase name="testAutoCorrectsActiveDrafts" classname="VersioningTriggerHandlerTest" time="0.13">
        </testcase>
        <testcase name="testRootActiveVersionWithoutParent_isAllowed" classname="VersioningTriggerHandlerTest" time="0.08">
        </testcase>
        <testcase name="testSingleActivePerParentEnforced" classname="VersioningTriggerHandlerTest" time="0.07">
        </testcase>
        <testcase name="testAlreadyActive" classname="VendorProgramActivationServiceTest" time="0.14">
        </testcase>
        <testcase name="testFlowAction" classname="VendorProgramActivationServiceTest" time="0.12">
        </testcase>
        <testcase name="testMultipleActiveChildrenInSameLineage_shouldFail" classname="VendorProgramActivationServiceTest" time="0.06">
        </testcase>
        <testcase name="testNonDraftWithNoParentOrChildren_shouldStayNull" classname="VendorProgramActivationServiceTest" time="0.04">
        </testcase>
        <testcase name="testNullIdThrows" classname="VendorProgramActivationServiceTest" time="0.00">
        </testcase>
        <testcase name="testRootActiveVersionWithoutChildren_isAllowed" classname="VendorProgramActivationServiceTest" time="0.04">
        </testcase>
        <testcase name="testSiblingDeactivation" classname="VendorProgramActivationServiceTest" time="0.16">
        </testcase>
        <testcase name="testCreateAndUpdateLog" classname="UtilitiesSyncLogHelperTest" time="0.47">
        </testcase>
        <testcase name="testMarkFailed" classname="UtilitiesSyncLogHelperTest" time="0.05">
        </testcase>
        <testcase name="testActivationDependencies" classname="VendorProgramRecipientGrpTriggerHdlrTest" time="0.64">
        </testcase>
        <testcase name="testNonDraftVersionMustHaveParent" classname="VendorProgramRecipientGrpTriggerHdlrTest" time="0.20">
        </testcase>
        <testcase name="testOneActiveVersionPerParent" classname="VendorProgramRecipientGrpTriggerHdlrTest" time="0.24">
        </testcase>
        <testcase name="testValidRecordInsertsSuccessfully" classname="VendorProgramRecipientGrpTriggerHdlrTest" time="0.23">
        </testcase>
        <testcase name="testRunFullSync_createsAndUpdates" classname="OrgWideEmailSyncServiceTest" time="0.12">
        </testcase>
        <testcase name="testScheduledExecution" classname="OrgWideEmailSyncControllerTest" time="0.35">
        </testcase>
        <testcase name="testRunFullSync_failure" classname="OrgWideEmailSyncOrchestratorTest" time="0.50">
        </testcase>
        <testcase name="testRunFullSync_success" classname="OrgWideEmailSyncOrchestratorTest" time="0.08">
        </testcase>
        <testcase name="testNonDraftMustHaveParent" classname="VendorProgramTriggerHandlerTest" time="0.10">
        </testcase>
        <testcase name="testOnlyOneActivePerParent" classname="VendorProgramTriggerHandlerTest" time="0.10">
        </testcase>
        <testcase name="testValidInsert" classname="VendorProgramTriggerHandlerTest" time="0.07">
        </testcase>
        <testcase name="testAgreementStatusTrigger" classname="OnboardingStatusTrackerHandlerTest" time="8.37">
        </testcase>
        <testcase name="testBackgroundCheckStatusTrigger" classname="OnboardingStatusTrackerHandlerTest" time="3.39">
        </testcase>
        <testcase name="testChuzoAgreementStatusTrigger" classname="OnboardingStatusTrackerHandlerTest" time="2.10">
        </testcase>
        <testcase name="testClearingHouseTrigger" classname="OnboardingStatusTrackerHandlerTest" time="2.05">
        </testcase>
        <testcase name="testComplianceStatusTrigger" classname="OnboardingStatusTrackerHandlerTest" time="2.73">
        </testcase>
        <testcase name="testCreditCheckStatusTrigger" classname="OnboardingStatusTrackerHandlerTest" time="2.82">
        </testcase>
        <testcase name="testDriversLicenseStatusTrigger" classname="OnboardingStatusTrackerHandlerTest" time="2.93">
        </testcase>
        <testcase name="testERPSetupStatusTrigger" classname="OnboardingStatusTrackerHandlerTest" time="2.18">
        </testcase>
        <testcase name="testInsuranceStatusTrigger" classname="OnboardingStatusTrackerHandlerTest" time="2.87">
        </testcase>
        <testcase name="testLaborFormStatusTrigger" classname="OnboardingStatusTrackerHandlerTest" time="2.77">
        </testcase>
        <testcase name="testLearnUponContactEnrollmentStatusTrigger" classname="OnboardingStatusTrackerHandlerTest" time="3.99">
        </testcase>
        <testcase name="testNetTermsStatusTrigger" classname="OnboardingStatusTrackerHandlerTest" time="2.00">
        </testcase>
        <testcase name="testOnboardingStatusTrigger" classname="OnboardingStatusTrackerHandlerTest" time="2.41">
        </testcase>
        <testcase name="testPersonalGuaranteeStatusTrigger" classname="OnboardingStatusTrackerHandlerTest" time="2.29">
        </testcase>
        <testcase name="testVendorOrderEntryPlatformStatusTrigger" classname="OnboardingStatusTrackerHandlerTest" time="2.24">
        </testcase>
        <testcase name="testScheduledExecution" classname="EmailTemplateSyncControllerTest" time="8.65">
        </testcase>
        <testcase name="testRunFullSync_failure" classname="EmailTemplateSyncOrchestratorTest" time="0.13">
        </testcase>
        <testcase name="testRunFullSync_success" classname="EmailTemplateSyncOrchestratorTest" time="0.10">
        </testcase>
        <testcase name="testSyncAllTemplates_handlesEmpty" classname="EmailTemplateSyncServiceTest" time="0.07">
        </testcase>
        <testcase name="testSyncAllTemplates_success" classname="EmailTemplateSyncServiceTest" time="0.05">
        </testcase>
        <testcase name="testRunManualSync" classname="ManualEmailSyncActionTest" time="8.23">
        </testcase>
        <testcase name="testGetAllActiveTemplates_empty" classname="EmailTemplateRepositoryTest" time="0.01">
        </testcase>
        <testcase name="testGetAllActiveTemplates_withData" classname="EmailTemplateRepositoryTest" time="0.01">
        </testcase>
        <testcase name="testGetAll_withMock" classname="OrgWideEmailRepositoryTest" time="0.01">
        </testcase>
        <testcase name="testUpsertEmails_insertAndUpdate" classname="OrgWideEmailRepositoryTest" time="0.07">
        </testcase>
        <testcase name="testBuildCMDT" classname="OrgWideEmailCMDTRepositoryTest" time="0.03">
        </testcase>
        <testcase name="testSetMockCatalogs_andGetAll" classname="OrgWideEmailCMDTRepositoryTest" time="0.03">
        </testcase>
        <testcase name="testUpsertCMDTs_inTestContext_skipsDeployment" classname="OrgWideEmailCMDTRepositoryTest" time="0.02">
        </testcase>
        <testcase name="testUpsertTemplates" classname="CommunicationTemplateRepositoryTest" time="0.10">
        </testcase>
        <testcase name="testBuildAndDeployCMDT" classname="EmailCatalogCMDTRepositoryTest" time="0.03">
        </testcase>
        <testcase name="testUpsertCMDTs" classname="EmailCatalogCMDTRepositoryTest" time="0.02">
        </testcase>
        <testcase name="testExecuteSinglePayload" classname="EmailCommBatchSendActionTest" time="7.93">
        </testcase>
        <testcase name="testQueueableCreatesLog" classname="EmailCommLoggerQueueableTest" time="6.89">
        </testcase>
        <testcase name="testIsDuplicateIgnoresOldLogs" classname="EmailCommDedupeUtilTest" time="12.86">
        </testcase>
        <testcase name="testIsDuplicateReturnsFalseWhenNoMatch" classname="EmailCommDedupeUtilTest" time="2.21">
        </testcase>
        <testcase name="testIsDuplicateReturnsTrueWhenMatchExists" classname="EmailCommDedupeUtilTest" time="2.33">
        </testcase>
    </testsuite>
</testsuites>
