<?xml version="1.0" encoding="UTF-8"?>
<testsuites>
    <testsuite name="force.apex" timestamp="2025-10-17T18:49:41.000Z" hostname="https://perfectvisionpoe--onboardv2.sandbox.my.salesforce.com" tests="60" failures="4"  errors="0"  time="112.98">
        <properties>
            <property name="outcome" value="Failed"/>
            <property name="testsRan" value="60"/>
            <property name="passing" value="56"/>
            <property name="failing" value="4"/>
            <property name="skipped" value="0"/>
            <property name="passRate" value="93%"/>
            <property name="failRate" value="7%"/>
            <property name="testStartTime" value="Fri Oct 17 2025 2:49:41 PM"/>
            <property name="testSetupTimeInMs" value="111"/>
            <property name="testExecutionTime" value="112.98 s"/>
            <property name="testTotalTime" value="113.09 s"/>
            <property name="commandTime" value="0.22 s"/>
            <property name="hostname" value="https://perfectvisionpoe--onboardv2.sandbox.my.salesforce.com"/>
            <property name="orgId" value="00DRL00000HQXWP2A5"/>
            <property name="username" value="jason.murray@perfect-vision.com.onboardv2"/>
            <property name="testRunId" value="707RL000010HPQS"/>
            <property name="userId" value="005Qq000000pBRFIA2"/>
            <property name="coveredLines" value="701"/>
            <property name="testRunCoverage" value="78%"/>
            <property name="orgWideCoverage" value="7%"/>
        </properties>
        <testcase name="testAutoCorrectsActiveDrafts" classname="VersioningTriggerHandlerTest" time="0.09">
        </testcase>
        <testcase name="testRootActiveVersionWithoutParent_isAllowed" classname="VersioningTriggerHandlerTest" time="0.05">
        </testcase>
        <testcase name="testSingleActivePerParentEnforced" classname="VersioningTriggerHandlerTest" time="0.05">
        </testcase>
        <testcase name="testAlreadyActive" classname="VendorProgramActivationServiceTest" time="0.76">
        </testcase>
        <testcase name="testFlowAction" classname="VendorProgramActivationServiceTest" time="0.15">
        </testcase>
        <testcase name="testMultipleActiveChildrenInSameLineage_shouldFail" classname="VendorProgramActivationServiceTest" time="0.07">
        </testcase>
        <testcase name="testNonDraftWithNoParentOrChildren_shouldStayNull" classname="VendorProgramActivationServiceTest" time="0.06">
        </testcase>
        <testcase name="testNullIdThrows" classname="VendorProgramActivationServiceTest" time="0.01">
        </testcase>
        <testcase name="testRootActiveVersionWithoutChildren_isAllowed" classname="VendorProgramActivationServiceTest" time="0.06">
        </testcase>
        <testcase name="testSiblingDeactivation" classname="VendorProgramActivationServiceTest" time="0.21">
        </testcase>
        <testcase name="testCreateAndUpdateLog" classname="UtilitiesSyncLogHelperTest" time="0.22">
        </testcase>
        <testcase name="testMarkFailed" classname="UtilitiesSyncLogHelperTest" time="0.04">
        </testcase>
        <testcase name="testActivationDependencies" classname="VendorProgramRecipientGrpTriggerHdlrTest" time="0.87">
        </testcase>
        <testcase name="testNonDraftVersionMustHaveParent" classname="VendorProgramRecipientGrpTriggerHdlrTest" time="0.13">
        </testcase>
        <testcase name="testOneActiveVersionPerParent" classname="VendorProgramRecipientGrpTriggerHdlrTest" time="0.15">
        </testcase>
        <testcase name="testValidRecordInsertsSuccessfully" classname="VendorProgramRecipientGrpTriggerHdlrTest" time="0.13">
        </testcase>
        <testcase name="testRunFullSync_createsAndUpdates" classname="OrgWideEmailSyncServiceTest" time="0.11">
        </testcase>
        <testcase name="testScheduledExecution" classname="OrgWideEmailSyncControllerTest" time="0.28">
        </testcase>
        <testcase name="testRunFullSync_failure" classname="OrgWideEmailSyncOrchestratorTest" time="0.17">
        </testcase>
        <testcase name="testRunFullSync_success" classname="OrgWideEmailSyncOrchestratorTest" time="0.15">
        </testcase>
        <testcase name="testNonDraftMustHaveParent" classname="VendorProgramTriggerHandlerTest" time="0.14">
        </testcase>
        <testcase name="testOnlyOneActivePerParent" classname="VendorProgramTriggerHandlerTest" time="0.11">
        </testcase>
        <testcase name="testValidInsert" classname="VendorProgramTriggerHandlerTest" time="0.09">
        </testcase>
        <testcase name="testAgreementStatusTrigger" classname="OnboardingStatusTrackerHandlerTest" time="23.53">
        </testcase>
        <testcase name="testBackgroundCheckStatusTrigger" classname="OnboardingStatusTrackerHandlerTest" time="4.34">
        </testcase>
        <testcase name="testChuzoAgreementStatusTrigger" classname="OnboardingStatusTrackerHandlerTest" time="2.56">
        </testcase>
        <testcase name="testClearingHouseTrigger" classname="OnboardingStatusTrackerHandlerTest" time="2.66">
        </testcase>
        <testcase name="testComplianceStatusTrigger" classname="OnboardingStatusTrackerHandlerTest" time="2.66">
        </testcase>
        <testcase name="testCreditCheckStatusTrigger" classname="OnboardingStatusTrackerHandlerTest" time="3.54">
        </testcase>
        <testcase name="testDriversLicenseStatusTrigger" classname="OnboardingStatusTrackerHandlerTest" time="3.52">
        </testcase>
        <testcase name="testERPSetupStatusTrigger" classname="OnboardingStatusTrackerHandlerTest" time="2.78">
        </testcase>
        <testcase name="testInsuranceStatusTrigger" classname="OnboardingStatusTrackerHandlerTest" time="3.18">
        </testcase>
        <testcase name="testLaborFormStatusTrigger" classname="OnboardingStatusTrackerHandlerTest" time="3.78">
        </testcase>
        <testcase name="testLearnUponContactEnrollmentStatusTrigger" classname="OnboardingStatusTrackerHandlerTest" time="4.98">
        </testcase>
        <testcase name="testNetTermsStatusTrigger" classname="OnboardingStatusTrackerHandlerTest" time="2.58">
        </testcase>
        <testcase name="testOnboardingStatusTrigger" classname="OnboardingStatusTrackerHandlerTest" time="3.13">
        </testcase>
        <testcase name="testPersonalGuaranteeStatusTrigger" classname="OnboardingStatusTrackerHandlerTest" time="3.50">
        </testcase>
        <testcase name="testVendorOrderEntryPlatformStatusTrigger" classname="OnboardingStatusTrackerHandlerTest" time="2.67">
        </testcase>
        <testcase name="testScheduledExecution" classname="EmailTemplateSyncControllerTest" time="9.26">
        </testcase>
        <testcase name="testRunFullSync_failure" classname="EmailTemplateSyncOrchestratorTest" time="0.13">
        </testcase>
        <testcase name="testRunFullSync_success" classname="EmailTemplateSyncOrchestratorTest" time="0.11">
        </testcase>
        <testcase name="testSyncAllTemplates_handlesEmpty" classname="EmailTemplateSyncServiceTest" time="0.03">
        </testcase>
        <testcase name="testSyncAllTemplates_success" classname="EmailTemplateSyncServiceTest" time="0.03">
        </testcase>
        <testcase name="testRunManualSync" classname="ManualEmailSyncActionTest" time="9.15">
        </testcase>
        <testcase name="testGetAllActiveTemplates_empty" classname="EmailTemplateRepositoryTest" time="0.04">
        </testcase>
        <testcase name="testGetAllActiveTemplates_withData" classname="EmailTemplateRepositoryTest" time="0.01">
        </testcase>
        <testcase name="testGetAll_withMock" classname="OrgWideEmailRepositoryTest" time="0.02">
        </testcase>
        <testcase name="testUpsertEmails_insertAndUpdate" classname="OrgWideEmailRepositoryTest" time="0.09">
        </testcase>
        <testcase name="testBuildCMDT" classname="OrgWideEmailCMDTRepositoryTest" time="0.04">
        </testcase>
        <testcase name="testSetMockCatalogs_andGetAll" classname="OrgWideEmailCMDTRepositoryTest" time="0.01">
        </testcase>
        <testcase name="testUpsertCMDTs_inTestContext_skipsDeployment" classname="OrgWideEmailCMDTRepositoryTest" time="0.01">
        </testcase>
        <testcase name="testUpsertTemplates" classname="CommunicationTemplateRepositoryTest" time="0.22">
        </testcase>
        <testcase name="testBuildAndDeployCMDT" classname="EmailCatalogCMDTRepositoryTest" time="0.04">
        </testcase>
        <testcase name="testUpsertCMDTs" classname="EmailCatalogCMDTRepositoryTest" time="0.02">
        </testcase>
        <testcase name="testExecuteSinglePayload" classname="EmailCommBatchSendActionTest" time="4.17">
            <failure message="System.DmlException: Insert failed. First exception on row 0; first error: MALFORMED_ID, Onboarding: id value of incorrect type: aD1000000000000000: [Onboarding__c]"><![CDATA[Class.EmailCommLoggerService.logImmediately: line 20, column 1
Class.EmailCommOrchestrator.orchestrateSendAndLog: line 5, column 1
Class.EmailCommBatchSendAction.execute: line 7, column 1
Class.EmailCommBatchSendActionTest.testExecuteSinglePayload: line 8, column 1]]></failure>
        </testcase>
        <testcase name="testQueueableCreatesLog" classname="EmailCommLoggerQueueableTest" time="3.40">
            <failure message="System.DmlException: Insert failed. First exception on row 0; first error: MALFORMED_ID, Onboarding: id value of incorrect type: aD1000000000000000: [Onboarding__c]"><![CDATA[Class.EmailCommLoggerQueueable.execute: line 26, column 1]]></failure>
        </testcase>
        <testcase name="testIsDuplicateIgnoresOldLogs" classname="EmailCommDedupeUtilTest" time="9.54">
            <failure message="System.DmlException: Insert failed. First exception on row 0; first error: MALFORMED_ID, Onboarding: id value of incorrect type: aD1000000000000000: [Onboarding__c]"><![CDATA[Class.PV_TestDataFactory.maybeInsert: line 9, column 1
Class.PV_TestDataFactory.createEmailCommLog: line 273, column 1
Class.EmailCommDedupeUtilTest.testIsDuplicateIgnoresOldLogs: line 30, column 1]]></failure>
        </testcase>
        <testcase name="testIsDuplicateReturnsFalseWhenNoMatch" classname="EmailCommDedupeUtilTest" time="1.57">
        </testcase>
        <testcase name="testIsDuplicateReturnsTrueWhenMatchExists" classname="EmailCommDedupeUtilTest" time="1.61">
            <failure message="System.DmlException: Insert failed. First exception on row 0; first error: MALFORMED_ID, Onboarding: id value of incorrect type: aD1000000000000000: [Onboarding__c]"><![CDATA[Class.PV_TestDataFactory.maybeInsert: line 9, column 1
Class.PV_TestDataFactory.createEmailCommLog: line 273, column 1
Class.EmailCommDedupeUtilTest.testIsDuplicateReturnsTrueWhenMatchExists: line 18, column 1]]></failure>
        </testcase>
    </testsuite>
</testsuites>
